TN:
SF:components/add.js
FNF:0
FNH:0
DA:1,1
DA:2,1
DA:3,1
DA:4,1
DA:5,1
DA:6,1
DA:7,1
DA:8,1
DA:9,1
DA:10,1
DA:11,1
DA:12,1
DA:13,1
DA:14,1
DA:15,1
DA:16,1
DA:17,1
DA:18,1
LF:18
LH:18
BRDA:1,0,0,1
BRDA:16,1,0,4
BRF:2
BRH:2
end_of_record
TN:
SF:components/eq.js
FN:31,eq
FNF:1
FNH:1
FNDA:10,eq
DA:1,1
DA:2,1
DA:3,1
DA:4,1
DA:5,1
DA:6,1
DA:7,1
DA:8,1
DA:9,1
DA:10,1
DA:11,1
DA:12,1
DA:13,1
DA:14,1
DA:15,1
DA:16,1
DA:17,1
DA:18,1
DA:19,1
DA:20,1
DA:21,1
DA:22,1
DA:23,1
DA:24,1
DA:25,1
DA:26,1
DA:27,1
DA:28,1
DA:29,1
DA:30,1
DA:31,10
DA:32,10
DA:33,10
DA:34,1
DA:35,1
LF:35
LH:35
BRDA:1,0,0,1
BRDA:31,1,0,10
BRDA:32,2,0,6
BRDA:32,3,0,0
BRF:4
BRH:3
end_of_record
TN:
SF:components/filter.js
FN:24,filter
FNF:1
FNH:1
FNDA:1,filter
DA:1,1
DA:2,1
DA:3,1
DA:4,1
DA:5,1
DA:6,1
DA:7,1
DA:8,1
DA:9,1
DA:10,1
DA:11,1
DA:12,1
DA:13,1
DA:14,1
DA:15,1
DA:16,1
DA:17,1
DA:18,1
DA:19,1
DA:20,1
DA:21,1
DA:22,1
DA:23,1
DA:24,1
DA:25,1
DA:26,1
DA:27,1
DA:28,1
DA:29,1
DA:30,1
DA:31,3
DA:32,3
DA:33,2
DA:34,2
DA:35,3
DA:36,1
DA:37,1
DA:38,1
DA:39,1
LF:39
LH:39
BRDA:1,0,0,1
BRDA:24,1,0,1
BRDA:27,2,0,0
BRDA:30,3,0,3
BRDA:32,4,0,2
BRF:5
BRH:4
end_of_record
TN:
SF:components/isArguments.js
FN:19,isArguments
FNF:1
FNH:0
FNDA:0,isArguments
DA:1,1
DA:2,1
DA:3,1
DA:4,1
DA:5,1
DA:6,1
DA:7,1
DA:8,1
DA:9,1
DA:10,1
DA:11,1
DA:12,1
DA:13,1
DA:14,1
DA:15,1
DA:16,1
DA:17,1
DA:18,1
DA:19,0
DA:20,0
DA:21,0
DA:22,1
DA:23,1
LF:23
LH:20
BRDA:1,0,0,1
BRF:1
BRH:1
end_of_record
TN:
SF:components/isArrayLike.js
FN:26,isArrayLike
FNF:1
FNH:1
FNDA:5,isArrayLike
DA:1,1
DA:2,1
DA:3,1
DA:4,1
DA:5,1
DA:6,1
DA:7,1
DA:8,1
DA:9,1
DA:10,1
DA:11,1
DA:12,1
DA:13,1
DA:14,1
DA:15,1
DA:16,1
DA:17,1
DA:18,1
DA:19,1
DA:20,1
DA:21,1
DA:22,1
DA:23,1
DA:24,1
DA:25,1
DA:26,5
DA:27,5
DA:28,5
DA:29,1
DA:30,1
LF:30
LH:30
BRDA:1,0,0,1
BRDA:26,1,0,5
BRF:2
BRH:2
end_of_record
TN:
SF:components/isBuffer.js
FN:33,isBuffer
FNF:1
FNH:0
FNDA:0,isBuffer
DA:1,1
DA:2,1
DA:3,1
DA:4,1
DA:5,1
DA:6,1
DA:7,1
DA:8,1
DA:9,1
DA:10,1
DA:11,1
DA:12,1
DA:13,1
DA:14,1
DA:15,1
DA:16,1
DA:17,1
DA:18,1
DA:19,1
DA:20,1
DA:21,1
DA:22,1
DA:23,1
DA:24,1
DA:25,1
DA:26,1
DA:27,1
DA:28,1
DA:29,1
DA:30,1
DA:31,1
DA:32,1
DA:33,1
DA:34,1
DA:35,1
LF:35
LH:35
BRDA:1,0,0,1
BRDA:4,1,0,0
BRDA:4,2,0,0
BRDA:4,3,0,0
BRDA:7,4,0,0
BRDA:7,5,0,0
BRDA:7,6,0,0
BRDA:7,7,0,0
BRDA:10,8,0,0
BRDA:13,9,0,0
BRDA:16,10,0,0
BRF:11
BRH:1
end_of_record
TN:
SF:components/isDate.js
FN:25,isDate
FNF:1
FNH:1
FNDA:2,isDate
DA:1,1
DA:2,1
DA:3,1
DA:4,1
DA:5,1
DA:6,1
DA:7,1
DA:8,1
DA:9,1
DA:10,1
DA:11,1
DA:12,1
DA:13,1
DA:14,1
DA:15,1
DA:16,1
DA:17,1
DA:18,1
DA:19,1
DA:20,1
DA:21,1
DA:22,1
DA:23,1
DA:24,1
DA:25,1
DA:26,1
DA:27,1
LF:27
LH:27
BRDA:1,0,0,1
BRDA:6,1,0,0
BRDA:24,2,0,0
BRDA:25,3,0,2
BRDA:25,4,0,1
BRF:5
BRH:3
end_of_record
TN:
SF:components/isEmpty.js
FN:45,isEmpty
FNF:1
FNH:1
FNDA:6,isEmpty
DA:1,1
DA:2,1
DA:3,1
DA:4,1
DA:5,1
DA:6,1
DA:7,1
DA:8,1
DA:9,1
DA:10,1
DA:11,1
DA:12,1
DA:13,1
DA:14,1
DA:15,1
DA:16,1
DA:17,1
DA:18,1
DA:19,1
DA:20,1
DA:21,1
DA:22,1
DA:23,1
DA:24,1
DA:25,1
DA:26,1
DA:27,1
DA:28,1
DA:29,1
DA:30,1
DA:31,1
DA:32,1
DA:33,1
DA:34,1
DA:35,1
DA:36,1
DA:37,1
DA:38,1
DA:39,1
DA:40,1
DA:41,1
DA:42,1
DA:43,1
DA:44,1
DA:45,6
DA:46,6
DA:47,1
DA:48,1
DA:49,6
DA:50,2
DA:51,6
DA:52,2
DA:53,2
DA:54,3
DA:55,6
DA:56,0
DA:57,0
DA:58,6
DA:59,0
DA:60,0
DA:61,6
DA:62,1
DA:63,1
DA:64,1
DA:65,1
DA:66,2
DA:67,6
DA:68,1
DA:69,1
LF:69
LH:65
BRDA:1,0,0,1
BRDA:45,1,0,6
BRDA:46,2,0,1
BRDA:49,3,0,5
BRDA:49,4,0,2
BRDA:50,5,0,1
BRDA:50,6,0,0
BRDA:50,7,0,0
BRDA:51,8,0,0
BRDA:51,9,0,0
BRDA:51,10,0,2
BRDA:54,11,0,3
BRDA:55,12,0,0
BRDA:58,13,0,3
BRDA:58,14,0,0
BRDA:61,15,0,3
BRDA:61,16,0,1
BRDA:66,17,0,2
BRF:18
BRH:12
end_of_record
TN:
SF:components/isLength.js
FN:28,isLength
FNF:1
FNH:1
FNDA:5,isLength
DA:1,1
DA:2,1
DA:3,1
DA:4,1
DA:5,1
DA:6,1
DA:7,1
DA:8,1
DA:9,1
DA:10,1
DA:11,1
DA:12,1
DA:13,1
DA:14,1
DA:15,1
DA:16,1
DA:17,1
DA:18,1
DA:19,1
DA:20,1
DA:21,1
DA:22,1
DA:23,1
DA:24,1
DA:25,1
DA:26,1
DA:27,1
DA:28,5
DA:29,5
DA:30,5
DA:31,5
DA:32,1
DA:33,1
LF:33
LH:33
BRDA:1,0,0,1
BRDA:28,1,0,5
BRDA:29,2,0,2
BRDA:30,3,0,2
BRDA:30,4,0,2
BRF:5
BRH:5
end_of_record
TN:
SF:components/isObject.js
FN:24,isObject
FNF:1
FNH:1
FNDA:6,isObject
DA:1,1
DA:2,1
DA:3,1
DA:4,1
DA:5,1
DA:6,1
DA:7,1
DA:8,1
DA:9,1
DA:10,1
DA:11,1
DA:12,1
DA:13,1
DA:14,1
DA:15,1
DA:16,1
DA:17,1
DA:18,1
DA:19,1
DA:20,1
DA:21,1
DA:22,1
DA:23,1
DA:24,6
DA:25,6
DA:26,6
DA:27,6
DA:28,1
DA:29,1
LF:29
LH:29
BRDA:1,0,0,1
BRDA:24,1,0,6
BRDA:26,2,0,5
BRF:3
BRH:3
end_of_record
TN:
SF:components/isObjectLike.js
FN:23,isObjectLike
FNF:1
FNH:1
FNDA:2,isObjectLike
DA:1,1
DA:2,1
DA:3,1
DA:4,1
DA:5,1
DA:6,1
DA:7,1
DA:8,1
DA:9,1
DA:10,1
DA:11,1
DA:12,1
DA:13,1
DA:14,1
DA:15,1
DA:16,1
DA:17,1
DA:18,1
DA:19,1
DA:20,1
DA:21,1
DA:22,1
DA:23,2
DA:24,2
DA:25,2
DA:26,1
DA:27,1
LF:27
LH:27
BRDA:1,0,0,1
BRDA:23,1,0,2
BRDA:24,2,0,1
BRF:3
BRH:3
end_of_record
TN:
SF:components/isSymbol.js
FN:18,isSymbol
FNF:1
FNH:1
FNDA:11,isSymbol
DA:1,1
DA:2,1
DA:3,1
DA:4,1
DA:5,1
DA:6,1
DA:7,1
DA:8,1
DA:9,1
DA:10,1
DA:11,1
DA:12,1
DA:13,1
DA:14,1
DA:15,1
DA:16,1
DA:17,1
DA:18,11
DA:19,11
DA:20,11
DA:21,11
DA:22,1
DA:23,1
LF:23
LH:23
BRDA:1,0,0,1
BRDA:18,1,0,11
BRDA:20,2,0,2
BRDA:20,3,0,0
BRF:4
BRH:3
end_of_record
TN:
SF:components/isTypedArray.js
FN:28,isTypedArray
FNF:1
FNH:0
FNDA:0,isTypedArray
DA:1,1
DA:2,1
DA:3,1
DA:4,1
DA:5,1
DA:6,1
DA:7,1
DA:8,1
DA:9,1
DA:10,1
DA:11,1
DA:12,1
DA:13,1
DA:14,1
DA:15,1
DA:16,1
DA:17,1
DA:18,1
DA:19,1
DA:20,1
DA:21,1
DA:22,1
DA:23,1
DA:24,1
DA:25,1
DA:26,1
DA:27,1
DA:28,1
DA:29,1
DA:30,1
LF:30
LH:30
BRDA:1,0,0,1
BRDA:9,1,0,0
BRDA:27,2,0,0
BRF:3
BRH:1
end_of_record
TN:
SF:components/toFinite.js
FN:28,toFinite
FNF:1
FNH:1
FNDA:11,toFinite
DA:1,1
DA:2,1
DA:3,1
DA:4,1
DA:5,1
DA:6,1
DA:7,1
DA:8,1
DA:9,1
DA:10,1
DA:11,1
DA:12,1
DA:13,1
DA:14,1
DA:15,1
DA:16,1
DA:17,1
DA:18,1
DA:19,1
DA:20,1
DA:21,1
DA:22,1
DA:23,1
DA:24,1
DA:25,1
DA:26,1
DA:27,1
DA:28,11
DA:29,11
DA:30,4
DA:31,4
DA:32,7
DA:33,11
DA:34,0
DA:35,0
DA:36,0
DA:37,11
DA:38,11
DA:39,1
DA:40,1
LF:40
LH:37
BRDA:1,0,0,1
BRDA:28,1,0,11
BRDA:29,2,0,4
BRDA:30,3,0,1
BRDA:30,4,0,3
BRDA:32,5,0,7
BRDA:33,6,0,0
BRDA:37,7,0,7
BRDA:37,8,0,0
BRF:9
BRH:7
end_of_record
TN:
SF:components/toInteger.js
FN:28,toInteger
FNF:1
FNH:1
FNDA:6,toInteger
DA:1,1
DA:2,1
DA:3,1
DA:4,1
DA:5,1
DA:6,1
DA:7,1
DA:8,1
DA:9,1
DA:10,1
DA:11,1
DA:12,1
DA:13,1
DA:14,1
DA:15,1
DA:16,1
DA:17,1
DA:18,1
DA:19,1
DA:20,1
DA:21,1
DA:22,1
DA:23,1
DA:24,1
DA:25,1
DA:26,1
DA:27,1
DA:28,6
DA:29,6
DA:30,6
DA:31,6
DA:32,6
DA:33,6
DA:34,1
DA:35,1
LF:35
LH:35
BRDA:1,0,0,1
BRDA:28,1,0,6
BRDA:32,2,0,4
BRDA:32,3,0,2
BRF:4
BRH:4
end_of_record
TN:
SF:components/toNumber.js
FN:44,toNumber
FNF:1
FNH:1
FNDA:13,toNumber
DA:1,1
DA:2,1
DA:3,1
DA:4,1
DA:5,1
DA:6,1
DA:7,1
DA:8,1
DA:9,1
DA:10,1
DA:11,1
DA:12,1
DA:13,1
DA:14,1
DA:15,1
DA:16,1
DA:17,1
DA:18,1
DA:19,1
DA:20,1
DA:21,1
DA:22,1
DA:23,1
DA:24,1
DA:25,1
DA:26,1
DA:27,1
DA:28,1
DA:29,1
DA:30,1
DA:31,1
DA:32,1
DA:33,1
DA:34,1
DA:35,1
DA:36,1
DA:37,1
DA:38,1
DA:39,1
DA:40,1
DA:41,1
DA:42,1
DA:43,1
DA:44,13
DA:45,13
DA:46,7
DA:47,7
DA:48,13
DA:49,0
DA:50,0
DA:51,13
DA:52,0
DA:53,0
DA:54,0
DA:55,13
DA:56,3
DA:57,3
DA:58,3
DA:59,3
DA:60,13
DA:61,13
DA:62,13
DA:63,13
DA:64,1
DA:65,1
LF:65
LH:60
BRDA:1,0,0,1
BRDA:44,1,0,13
BRDA:45,2,0,7
BRDA:48,3,0,6
BRDA:48,4,0,0
BRDA:51,5,0,6
BRDA:51,6,0,0
BRDA:55,7,0,6
BRDA:55,8,0,3
BRDA:56,9,0,0
BRDA:61,10,0,0
BRDA:62,11,0,3
BRDA:62,12,0,0
BRF:13
BRH:8
end_of_record
TN:
SF:components/toString.js
FN:25,toString
FNF:1
FNH:1
FNDA:5,toString
DA:1,1
DA:2,1
DA:3,1
DA:4,1
DA:5,1
DA:6,1
DA:7,1
DA:8,1
DA:9,1
DA:10,1
DA:11,1
DA:12,1
DA:13,1
DA:14,1
DA:15,1
DA:16,1
DA:17,1
DA:18,1
DA:19,1
DA:20,1
DA:21,1
DA:22,1
DA:23,1
DA:24,1
DA:25,5
DA:26,5
DA:27,5
DA:28,5
DA:29,1
DA:30,1
DA:31,5
DA:32,0
DA:33,0
DA:34,0
DA:35,5
DA:36,0
DA:37,0
DA:38,4
DA:39,5
DA:40,5
DA:41,1
DA:42,1
LF:42
LH:37
BRDA:1,0,0,1
BRDA:25,1,0,5
BRDA:28,2,0,1
BRDA:31,3,0,4
BRDA:31,4,0,0
BRDA:35,5,0,4
BRDA:35,6,0,0
BRDA:38,7,0,4
BRDA:39,8,0,0
BRDA:39,9,0,0
BRDA:39,10,0,4
BRF:11
BRH:7
end_of_record
TN:
SF:unit_tests/index.js
FNF:0
FNH:0
DA:1,1
DA:2,1
DA:3,1
DA:4,1
DA:5,1
DA:6,1
DA:7,1
DA:8,1
DA:9,1
DA:10,1
DA:11,1
DA:12,1
DA:13,1
DA:14,1
DA:15,1
DA:16,1
DA:17,1
DA:18,1
DA:19,1
DA:20,1
DA:21,1
DA:22,1
DA:23,1
DA:24,1
DA:25,1
DA:26,1
DA:27,1
DA:28,1
DA:29,1
DA:30,1
DA:31,1
DA:32,1
DA:33,1
DA:34,1
DA:35,1
DA:36,1
DA:37,1
DA:38,1
DA:39,1
DA:40,1
DA:41,1
DA:42,1
DA:43,1
DA:44,1
DA:45,1
DA:46,1
DA:47,1
DA:48,1
DA:49,1
DA:50,1
DA:51,1
DA:52,1
DA:53,1
DA:54,1
DA:55,1
DA:56,1
DA:57,1
DA:58,1
DA:59,1
DA:60,1
DA:61,1
DA:62,1
DA:63,1
DA:64,1
DA:65,1
DA:66,1
DA:67,1
DA:68,1
DA:69,1
DA:70,1
DA:71,1
DA:72,1
DA:73,1
DA:74,1
DA:75,1
DA:76,1
DA:77,1
DA:78,1
DA:79,1
DA:80,1
DA:81,1
DA:82,1
DA:83,1
DA:84,1
DA:85,1
DA:86,1
DA:87,1
DA:88,1
DA:89,1
DA:90,1
DA:91,1
DA:92,1
DA:93,1
DA:94,1
DA:95,1
DA:96,1
DA:97,1
DA:98,1
DA:99,1
DA:100,1
DA:101,1
DA:102,1
DA:103,1
DA:104,1
DA:105,1
DA:106,1
DA:107,1
DA:108,1
DA:109,1
DA:110,1
DA:111,1
DA:112,1
DA:113,1
DA:114,1
DA:115,1
DA:116,1
DA:117,1
DA:118,1
DA:119,1
DA:120,1
DA:121,1
DA:122,1
DA:123,1
DA:124,1
DA:125,1
DA:126,1
DA:127,1
DA:128,1
DA:129,1
DA:130,1
DA:131,1
DA:132,1
DA:133,1
DA:134,1
DA:135,1
DA:136,1
DA:137,1
DA:138,1
DA:139,1
DA:140,1
DA:141,1
DA:142,1
DA:143,1
DA:144,1
DA:145,1
DA:146,1
DA:147,1
DA:148,1
DA:149,1
DA:150,1
DA:151,1
DA:152,1
DA:153,1
DA:154,1
DA:155,1
DA:156,1
DA:157,1
DA:158,1
DA:159,1
DA:160,1
DA:161,1
DA:162,1
DA:163,1
DA:164,1
DA:165,1
DA:166,1
DA:167,1
DA:168,1
DA:169,1
DA:170,1
DA:171,1
DA:172,1
DA:173,1
DA:174,1
DA:175,1
DA:176,1
DA:177,1
DA:178,1
DA:179,1
DA:180,1
DA:181,1
DA:182,1
DA:183,1
DA:184,1
DA:185,1
DA:186,1
DA:187,1
DA:188,1
DA:189,1
DA:190,1
DA:191,1
DA:192,1
DA:193,1
DA:194,1
DA:195,1
DA:196,1
DA:197,1
DA:198,1
DA:199,1
DA:200,1
DA:201,1
DA:202,1
DA:203,1
DA:204,1
DA:205,1
DA:206,1
DA:207,1
DA:208,1
DA:209,1
DA:210,1
DA:211,1
DA:212,1
DA:213,1
DA:214,1
DA:215,1
DA:216,1
DA:217,1
DA:218,1
DA:219,1
DA:220,1
DA:221,1
DA:222,1
DA:223,1
DA:224,1
DA:225,1
DA:226,1
DA:227,1
DA:228,1
DA:229,1
DA:230,1
DA:231,1
DA:232,1
DA:233,1
DA:234,1
DA:235,1
DA:236,1
DA:237,1
DA:238,1
DA:239,1
DA:240,1
DA:241,1
DA:242,1
DA:243,1
DA:244,1
DA:245,1
DA:246,1
DA:247,1
DA:248,1
DA:249,1
DA:250,1
DA:251,1
DA:252,1
DA:253,1
DA:254,1
DA:255,1
DA:256,1
DA:257,1
DA:258,1
DA:259,1
DA:260,1
DA:261,1
DA:262,1
DA:263,1
DA:264,1
DA:265,1
DA:266,1
DA:267,1
LF:267
LH:267
BRDA:1,0,0,1
BRDA:13,1,0,1
BRDA:14,2,0,1
BRDA:18,3,0,1
BRDA:22,4,0,1
BRDA:26,5,0,1
BRDA:30,6,0,1
BRDA:34,7,0,1
BRDA:35,8,0,1
BRDA:39,9,0,1
BRDA:43,10,0,1
BRDA:47,11,0,1
BRDA:51,12,0,1
BRDA:55,13,0,1
BRDA:61,14,0,1
BRDA:62,15,0,1
BRDA:63,16,0,1
BRDA:68,17,0,1
BRDA:69,18,0,1
BRDA:75,19,0,1
BRDA:76,20,0,1
BRDA:77,21,0,1
BRDA:81,22,0,1
BRDA:82,23,0,1
BRDA:86,24,0,1
BRDA:87,25,0,1
BRDA:91,26,0,1
BRDA:92,27,0,1
BRDA:96,28,0,1
BRDA:97,29,0,1
BRDA:101,30,0,1
BRDA:102,31,0,1
BRDA:108,32,0,1
BRDA:109,33,0,1
BRDA:110,34,0,1
BRDA:114,35,0,1
BRDA:115,36,0,1
BRDA:119,37,0,1
BRDA:120,38,0,1
BRDA:124,39,0,1
BRDA:125,40,0,1
BRDA:129,41,0,1
BRDA:130,42,0,1
BRDA:137,43,0,1
BRDA:138,44,0,1
BRDA:139,45,0,1
BRDA:143,46,0,1
BRDA:144,47,0,1
BRDA:148,48,0,1
BRDA:149,49,0,1
BRDA:153,50,0,1
BRDA:154,51,0,1
BRDA:158,52,0,1
BRDA:159,53,0,1
BRDA:163,54,0,1
BRDA:164,55,0,1
BRDA:170,56,0,1
BRDA:171,57,0,1
BRDA:172,58,0,1
BRDA:176,59,0,1
BRDA:177,60,0,1
BRDA:181,61,0,1
BRDA:182,62,0,1
BRDA:186,63,0,1
BRDA:187,64,0,1
BRDA:191,65,0,1
BRDA:192,66,0,1
BRDA:198,67,0,1
BRDA:199,68,0,1
BRDA:200,69,0,1
BRDA:204,70,0,1
BRDA:205,71,0,1
BRDA:210,72,0,1
BRDA:211,73,0,1
BRDA:215,74,0,1
BRDA:216,75,0,1
BRDA:221,76,0,1
BRDA:222,77,0,1
BRDA:226,78,0,1
BRDA:227,79,0,1
BRDA:231,80,0,1
BRDA:232,81,0,1
BRDA:236,82,0,1
BRDA:237,83,0,1
BRDA:241,84,0,1
BRDA:242,85,0,1
BRDA:247,86,0,1
BRDA:248,87,0,1
BRDA:254,88,0,1
BRDA:255,89,0,1
BRDA:261,90,0,1
BRDA:262,91,0,3
BRF:92
BRH:92
end_of_record
